[0.015s] Invoking command in '/home/ayush/Documents/ros_ws/build/articubot_one': CMAKE_PREFIX_PATH=${CMAKE_PREFIX_PATH}:/opt/ros/humble /usr/bin/cmake --build /home/ayush/Documents/ros_ws/build/articubot_one -- -j12 -l12
[0.049s] [35m[1mConsolidate compiler generated dependencies of target joint_publisher[0m
[0.063s] [100%] Built target joint_publisher
[0.072s] Invoked command in '/home/ayush/Documents/ros_ws/build/articubot_one' returned '0': CMAKE_PREFIX_PATH=${CMAKE_PREFIX_PATH}:/opt/ros/humble /usr/bin/cmake --build /home/ayush/Documents/ros_ws/build/articubot_one -- -j12 -l12
[0.080s] Invoking command in '/home/ayush/Documents/ros_ws/build/articubot_one': CMAKE_PREFIX_PATH=${CMAKE_PREFIX_PATH}:/opt/ros/humble /usr/bin/cmake --install /home/ayush/Documents/ros_ws/build/articubot_one
[0.086s] -- Install configuration: ""
[0.086s] -- Up-to-date: /home/ayush/Documents/ros_ws/install/articubot_one/share/articubot_one/joint_publisher
[0.086s] -- Up-to-date: /home/ayush/Documents/ros_ws/install/articubot_one/share/articubot_one/config
[0.086s] -- Up-to-date: /home/ayush/Documents/ros_ws/install/articubot_one/share/articubot_one/config/view_bot.rviz
[0.087s] -- Up-to-date: /home/ayush/Documents/ros_ws/install/articubot_one/share/articubot_one/config/empty.yaml
[0.087s] -- Up-to-date: /home/ayush/Documents/ros_ws/install/articubot_one/share/articubot_one/config/control_arm.yaml
[0.087s] -- Up-to-date: /home/ayush/Documents/ros_ws/install/articubot_one/share/articubot_one/config/drive_bot.rviz
[0.087s] -- Up-to-date: /home/ayush/Documents/ros_ws/install/articubot_one/share/articubot_one/description
[0.087s] -- Up-to-date: /home/ayush/Documents/ros_ws/install/articubot_one/share/articubot_one/description/camera.xacro
[0.087s] -- Up-to-date: /home/ayush/Documents/ros_ws/install/articubot_one/share/articubot_one/description/robot.urdf.xacro
[0.087s] -- Up-to-date: /home/ayush/Documents/ros_ws/install/articubot_one/share/articubot_one/description/map.xacro
[0.087s] -- Up-to-date: /home/ayush/Documents/ros_ws/install/articubot_one/share/articubot_one/description/gazebo_control.xacro
[0.087s] -- Up-to-date: /home/ayush/Documents/ros_ws/install/articubot_one/share/articubot_one/description/inertial_macros.xacro
[0.087s] -- Up-to-date: /home/ayush/Documents/ros_ws/install/articubot_one/share/articubot_one/description/robot_core.xacro
[0.087s] -- Up-to-date: /home/ayush/Documents/ros_ws/install/articubot_one/share/articubot_one/description/lidar.xacro
[0.087s] -- Up-to-date: /home/ayush/Documents/ros_ws/install/articubot_one/share/articubot_one/description/org_robot_core.xacro
[0.087s] -- Up-to-date: /home/ayush/Documents/ros_ws/install/articubot_one/share/articubot_one/launch
[0.088s] -- Up-to-date: /home/ayush/Documents/ros_ws/install/articubot_one/share/articubot_one/launch/launch_sim.launch.py
[0.088s] -- Installing: /home/ayush/Documents/ros_ws/install/articubot_one/share/articubot_one/launch/rsp.launch.py
[0.088s] -- Up-to-date: /home/ayush/Documents/ros_ws/install/articubot_one/share/articubot_one/worlds
[0.088s] -- Up-to-date: /home/ayush/Documents/ros_ws/install/articubot_one/share/articubot_one/worlds/obstacles.world
[0.088s] -- Up-to-date: /home/ayush/Documents/ros_ws/install/articubot_one/share/articubot_one/worlds/empty.world
[0.088s] -- Up-to-date: /home/ayush/Documents/ros_ws/install/articubot_one/share/ament_index/resource_index/package_run_dependencies/articubot_one
[0.088s] -- Up-to-date: /home/ayush/Documents/ros_ws/install/articubot_one/share/ament_index/resource_index/parent_prefix_path/articubot_one
[0.088s] -- Up-to-date: /home/ayush/Documents/ros_ws/install/articubot_one/share/articubot_one/environment/ament_prefix_path.sh
[0.088s] -- Up-to-date: /home/ayush/Documents/ros_ws/install/articubot_one/share/articubot_one/environment/ament_prefix_path.dsv
[0.088s] -- Up-to-date: /home/ayush/Documents/ros_ws/install/articubot_one/share/articubot_one/environment/path.sh
[0.088s] -- Up-to-date: /home/ayush/Documents/ros_ws/install/articubot_one/share/articubot_one/environment/path.dsv
[0.088s] -- Up-to-date: /home/ayush/Documents/ros_ws/install/articubot_one/share/articubot_one/local_setup.bash
[0.088s] -- Up-to-date: /home/ayush/Documents/ros_ws/install/articubot_one/share/articubot_one/local_setup.sh
[0.088s] -- Up-to-date: /home/ayush/Documents/ros_ws/install/articubot_one/share/articubot_one/local_setup.zsh
[0.089s] -- Up-to-date: /home/ayush/Documents/ros_ws/install/articubot_one/share/articubot_one/local_setup.dsv
[0.089s] -- Installing: /home/ayush/Documents/ros_ws/install/articubot_one/share/articubot_one/package.dsv
[0.089s] -- Up-to-date: /home/ayush/Documents/ros_ws/install/articubot_one/share/ament_index/resource_index/packages/articubot_one
[0.090s] -- Up-to-date: /home/ayush/Documents/ros_ws/install/articubot_one/share/articubot_one/cmake/articubot_oneConfig.cmake
[0.090s] -- Up-to-date: /home/ayush/Documents/ros_ws/install/articubot_one/share/articubot_one/cmake/articubot_oneConfig-version.cmake
[0.090s] -- Up-to-date: /home/ayush/Documents/ros_ws/install/articubot_one/share/articubot_one/package.xml
[0.090s] Invoked command in '/home/ayush/Documents/ros_ws/build/articubot_one' returned '0': CMAKE_PREFIX_PATH=${CMAKE_PREFIX_PATH}:/opt/ros/humble /usr/bin/cmake --install /home/ayush/Documents/ros_ws/build/articubot_one
