[0.071s] DEBUG:colcon:Command line arguments: ['/usr/bin/colcon', 'build']
[0.071s] DEBUG:colcon:Parsed command line arguments: Namespace(log_base=None, log_level=None, verb_name='build', build_base='build', install_base='install', merge_install=False, symlink_install=False, test_result_base=None, continue_on_error=False, executor='parallel', parallel_workers=12, event_handlers=None, ignore_user_meta=False, metas=['./colcon.meta'], base_paths=['.'], packages_ignore=None, packages_ignore_regex=None, paths=None, packages_up_to=None, packages_up_to_regex=None, packages_above=None, packages_above_and_dependencies=None, packages_above_depth=None, packages_select_by_dep=None, packages_skip_by_dep=None, packages_skip_up_to=None, packages_select_build_failed=False, packages_skip_build_finished=False, packages_select_test_failures=False, packages_skip_test_passed=False, packages_select=None, packages_skip=None, packages_select_regex=None, packages_skip_regex=None, packages_start=None, packages_end=None, allow_overriding=[], cmake_args=None, cmake_target=None, cmake_target_skip_unavailable=False, cmake_clean_cache=False, cmake_clean_first=False, cmake_force_configure=False, ament_cmake_args=None, catkin_cmake_args=None, catkin_skip_building_tests=False, mixin_files=None, mixin=None, verb_parser=<colcon_mixin.mixin.mixin_argument.MixinArgumentDecorator object at 0x77628dd75c60>, verb_extension=<colcon_core.verb.build.BuildVerb object at 0x77628dd75660>, main=<bound method BuildVerb.main of <colcon_core.verb.build.BuildVerb object at 0x77628dd75660>>, mixin_verb=('build',))
[0.182s] Level 1:colcon.colcon_core.package_discovery:discover_packages(colcon_meta) check parameters
[0.182s] Level 1:colcon.colcon_core.package_discovery:discover_packages(recursive) check parameters
[0.182s] Level 1:colcon.colcon_core.package_discovery:discover_packages(ignore) check parameters
[0.182s] Level 1:colcon.colcon_core.package_discovery:discover_packages(path) check parameters
[0.182s] Level 1:colcon.colcon_core.package_discovery:discover_packages(colcon_meta) discover
[0.182s] Level 1:colcon.colcon_core.package_discovery:discover_packages(recursive) discover
[0.182s] INFO:colcon.colcon_core.package_discovery:Crawling recursively for packages in '/home/ayush/Documents/ros_ws'
[0.182s] Level 1:colcon.colcon_core.package_identification:_identify(.) by extensions ['ignore', 'ignore_ament_install']
[0.182s] Level 1:colcon.colcon_core.package_identification:_identify(.) by extension 'ignore'
[0.182s] Level 1:colcon.colcon_core.package_identification:_identify(.) by extension 'ignore_ament_install'
[0.182s] Level 1:colcon.colcon_core.package_identification:_identify(.) by extensions ['colcon_pkg']
[0.182s] Level 1:colcon.colcon_core.package_identification:_identify(.) by extension 'colcon_pkg'
[0.182s] Level 1:colcon.colcon_core.package_identification:_identify(.) by extensions ['colcon_meta']
[0.182s] Level 1:colcon.colcon_core.package_identification:_identify(.) by extension 'colcon_meta'
[0.182s] Level 1:colcon.colcon_core.package_identification:_identify(.) by extensions ['ros']
[0.182s] Level 1:colcon.colcon_core.package_identification:_identify(.) by extension 'ros'
[0.189s] Level 1:colcon.colcon_core.package_identification:_identify(.) by extensions ['cmake', 'python']
[0.189s] Level 1:colcon.colcon_core.package_identification:_identify(.) by extension 'cmake'
[0.189s] Level 1:colcon.colcon_core.package_identification:_identify(.) by extension 'python'
[0.190s] Level 1:colcon.colcon_core.package_identification:_identify(.) by extensions ['python_setup_py']
[0.190s] Level 1:colcon.colcon_core.package_identification:_identify(.) by extension 'python_setup_py'
[0.190s] Level 1:colcon.colcon_core.package_identification:_identify(build) by extensions ['ignore', 'ignore_ament_install']
[0.190s] Level 1:colcon.colcon_core.package_identification:_identify(build) by extension 'ignore'
[0.190s] Level 1:colcon.colcon_core.package_identification:_identify(build) ignored
[0.190s] Level 1:colcon.colcon_core.package_identification:_identify(install) by extensions ['ignore', 'ignore_ament_install']
[0.190s] Level 1:colcon.colcon_core.package_identification:_identify(install) by extension 'ignore'
[0.190s] Level 1:colcon.colcon_core.package_identification:_identify(install) ignored
[0.190s] Level 1:colcon.colcon_core.package_identification:_identify(log) by extensions ['ignore', 'ignore_ament_install']
[0.190s] Level 1:colcon.colcon_core.package_identification:_identify(log) by extension 'ignore'
[0.190s] Level 1:colcon.colcon_core.package_identification:_identify(log) ignored
[0.190s] Level 1:colcon.colcon_core.package_identification:_identify(rosbag2_2025_02_28-16_33_58) by extensions ['ignore', 'ignore_ament_install']
[0.190s] Level 1:colcon.colcon_core.package_identification:_identify(rosbag2_2025_02_28-16_33_58) by extension 'ignore'
[0.190s] Level 1:colcon.colcon_core.package_identification:_identify(rosbag2_2025_02_28-16_33_58) by extension 'ignore_ament_install'
[0.190s] Level 1:colcon.colcon_core.package_identification:_identify(rosbag2_2025_02_28-16_33_58) by extensions ['colcon_pkg']
[0.190s] Level 1:colcon.colcon_core.package_identification:_identify(rosbag2_2025_02_28-16_33_58) by extension 'colcon_pkg'
[0.190s] Level 1:colcon.colcon_core.package_identification:_identify(rosbag2_2025_02_28-16_33_58) by extensions ['colcon_meta']
[0.190s] Level 1:colcon.colcon_core.package_identification:_identify(rosbag2_2025_02_28-16_33_58) by extension 'colcon_meta'
[0.190s] Level 1:colcon.colcon_core.package_identification:_identify(rosbag2_2025_02_28-16_33_58) by extensions ['ros']
[0.190s] Level 1:colcon.colcon_core.package_identification:_identify(rosbag2_2025_02_28-16_33_58) by extension 'ros'
[0.191s] Level 1:colcon.colcon_core.package_identification:_identify(rosbag2_2025_02_28-16_33_58) by extensions ['cmake', 'python']
[0.191s] Level 1:colcon.colcon_core.package_identification:_identify(rosbag2_2025_02_28-16_33_58) by extension 'cmake'
[0.191s] Level 1:colcon.colcon_core.package_identification:_identify(rosbag2_2025_02_28-16_33_58) by extension 'python'
[0.191s] Level 1:colcon.colcon_core.package_identification:_identify(rosbag2_2025_02_28-16_33_58) by extensions ['python_setup_py']
[0.191s] Level 1:colcon.colcon_core.package_identification:_identify(rosbag2_2025_02_28-16_33_58) by extension 'python_setup_py'
[0.191s] Level 1:colcon.colcon_core.package_identification:_identify(src) by extensions ['ignore', 'ignore_ament_install']
[0.191s] Level 1:colcon.colcon_core.package_identification:_identify(src) by extension 'ignore'
[0.191s] Level 1:colcon.colcon_core.package_identification:_identify(src) by extension 'ignore_ament_install'
[0.191s] Level 1:colcon.colcon_core.package_identification:_identify(src) by extensions ['colcon_pkg']
[0.191s] Level 1:colcon.colcon_core.package_identification:_identify(src) by extension 'colcon_pkg'
[0.191s] Level 1:colcon.colcon_core.package_identification:_identify(src) by extensions ['colcon_meta']
[0.191s] Level 1:colcon.colcon_core.package_identification:_identify(src) by extension 'colcon_meta'
[0.191s] Level 1:colcon.colcon_core.package_identification:_identify(src) by extensions ['ros']
[0.191s] Level 1:colcon.colcon_core.package_identification:_identify(src) by extension 'ros'
[0.191s] Level 1:colcon.colcon_core.package_identification:_identify(src) by extensions ['cmake', 'python']
[0.191s] Level 1:colcon.colcon_core.package_identification:_identify(src) by extension 'cmake'
[0.191s] Level 1:colcon.colcon_core.package_identification:_identify(src) by extension 'python'
[0.191s] Level 1:colcon.colcon_core.package_identification:_identify(src) by extensions ['python_setup_py']
[0.191s] Level 1:colcon.colcon_core.package_identification:_identify(src) by extension 'python_setup_py'
[0.191s] Level 1:colcon.colcon_core.package_identification:_identify(src/articubot_one) by extensions ['ignore', 'ignore_ament_install']
[0.191s] Level 1:colcon.colcon_core.package_identification:_identify(src/articubot_one) by extension 'ignore'
[0.191s] Level 1:colcon.colcon_core.package_identification:_identify(src/articubot_one) by extension 'ignore_ament_install'
[0.191s] Level 1:colcon.colcon_core.package_identification:_identify(src/articubot_one) by extensions ['colcon_pkg']
[0.191s] Level 1:colcon.colcon_core.package_identification:_identify(src/articubot_one) by extension 'colcon_pkg'
[0.191s] Level 1:colcon.colcon_core.package_identification:_identify(src/articubot_one) by extensions ['colcon_meta']
[0.191s] Level 1:colcon.colcon_core.package_identification:_identify(src/articubot_one) by extension 'colcon_meta'
[0.191s] Level 1:colcon.colcon_core.package_identification:_identify(src/articubot_one) by extensions ['ros']
[0.191s] Level 1:colcon.colcon_core.package_identification:_identify(src/articubot_one) by extension 'ros'
[0.193s] DEBUG:colcon.colcon_core.package_identification:Package 'src/articubot_one' with type 'ros.ament_cmake' and name 'articubot_one'
[0.193s] Level 1:colcon.colcon_core.package_discovery:discover_packages(recursive) using defaults
[0.193s] Level 1:colcon.colcon_core.package_discovery:discover_packages(ignore) discover
[0.193s] Level 1:colcon.colcon_core.package_discovery:discover_packages(ignore) using defaults
[0.193s] Level 1:colcon.colcon_core.package_discovery:discover_packages(path) discover
[0.193s] Level 1:colcon.colcon_core.package_discovery:discover_packages(path) using defaults
[0.214s] Level 1:colcon.colcon_core.package_discovery:discover_packages(prefix_path) check parameters
[0.215s] Level 1:colcon.colcon_core.package_discovery:discover_packages(prefix_path) discover
[0.215s] DEBUG:colcon.colcon_installed_package_information.package_discovery:Found 1 installed packages in /home/ayush/Documents/ros_ws/install
[0.216s] DEBUG:colcon.colcon_installed_package_information.package_discovery:Found 370 installed packages in /opt/ros/humble
[0.218s] Level 1:colcon.colcon_core.package_discovery:discover_packages(prefix_path) using defaults
[0.255s] Level 5:colcon.colcon_core.verb:set package 'articubot_one' build argument 'cmake_args' from command line to 'None'
[0.255s] Level 5:colcon.colcon_core.verb:set package 'articubot_one' build argument 'cmake_target' from command line to 'None'
[0.255s] Level 5:colcon.colcon_core.verb:set package 'articubot_one' build argument 'cmake_target_skip_unavailable' from command line to 'False'
[0.255s] Level 5:colcon.colcon_core.verb:set package 'articubot_one' build argument 'cmake_clean_cache' from command line to 'False'
[0.255s] Level 5:colcon.colcon_core.verb:set package 'articubot_one' build argument 'cmake_clean_first' from command line to 'False'
[0.255s] Level 5:colcon.colcon_core.verb:set package 'articubot_one' build argument 'cmake_force_configure' from command line to 'False'
[0.255s] Level 5:colcon.colcon_core.verb:set package 'articubot_one' build argument 'ament_cmake_args' from command line to 'None'
[0.255s] Level 5:colcon.colcon_core.verb:set package 'articubot_one' build argument 'catkin_cmake_args' from command line to 'None'
[0.255s] Level 5:colcon.colcon_core.verb:set package 'articubot_one' build argument 'catkin_skip_building_tests' from command line to 'False'
[0.255s] DEBUG:colcon.colcon_core.verb:Building package 'articubot_one' with the following arguments: {'ament_cmake_args': None, 'build_base': '/home/ayush/Documents/ros_ws/build/articubot_one', 'catkin_cmake_args': None, 'catkin_skip_building_tests': False, 'cmake_args': None, 'cmake_clean_cache': False, 'cmake_clean_first': False, 'cmake_force_configure': False, 'cmake_target': None, 'cmake_target_skip_unavailable': False, 'install_base': '/home/ayush/Documents/ros_ws/install/articubot_one', 'merge_install': False, 'path': '/home/ayush/Documents/ros_ws/src/articubot_one', 'symlink_install': False, 'test_result_base': None}
[0.255s] INFO:colcon.colcon_core.executor:Executing jobs using 'parallel' executor
[0.256s] DEBUG:colcon.colcon_parallel_executor.executor.parallel:run_until_complete
[0.256s] INFO:colcon.colcon_ros.task.ament_cmake.build:Building ROS package in '/home/ayush/Documents/ros_ws/src/articubot_one' with build type 'ament_cmake'
[0.256s] INFO:colcon.colcon_cmake.task.cmake.build:Building CMake package in '/home/ayush/Documents/ros_ws/src/articubot_one'
[0.258s] INFO:colcon.colcon_core.plugin_system:Skipping extension 'colcon_core.shell.bat': Not used on non-Windows systems
[0.258s] INFO:colcon.colcon_core.shell:Skip shell extension 'powershell' for command environment: Not usable outside of PowerShell
[0.258s] DEBUG:colcon.colcon_core.shell:Skip shell extension 'dsv' for command environment
[0.264s] DEBUG:colcon.colcon_core.event_handler.log_command:Invoking command in '/home/ayush/Documents/ros_ws/build/articubot_one': CMAKE_PREFIX_PATH=${CMAKE_PREFIX_PATH}:/opt/ros/humble /usr/bin/cmake --build /home/ayush/Documents/ros_ws/build/articubot_one -- -j12 -l12
[8.833s] DEBUG:colcon.colcon_core.event_handler.log_command:Invoked command in '/home/ayush/Documents/ros_ws/build/articubot_one' returned '0': CMAKE_PREFIX_PATH=${CMAKE_PREFIX_PATH}:/opt/ros/humble /usr/bin/cmake --build /home/ayush/Documents/ros_ws/build/articubot_one -- -j12 -l12
[8.840s] DEBUG:colcon.colcon_core.event_handler.log_command:Invoking command in '/home/ayush/Documents/ros_ws/build/articubot_one': CMAKE_PREFIX_PATH=${CMAKE_PREFIX_PATH}:/opt/ros/humble /usr/bin/cmake --install /home/ayush/Documents/ros_ws/build/articubot_one
[8.851s] Level 1:colcon.colcon_core.environment:create_environment_scripts_only(articubot_one)
[8.852s] DEBUG:colcon.colcon_core.event_handler.log_command:Invoked command in '/home/ayush/Documents/ros_ws/build/articubot_one' returned '0': CMAKE_PREFIX_PATH=${CMAKE_PREFIX_PATH}:/opt/ros/humble /usr/bin/cmake --install /home/ayush/Documents/ros_ws/build/articubot_one
[8.853s] Level 1:colcon.colcon_core.environment:checking '/home/ayush/Documents/ros_ws/install/articubot_one' for CMake module files
[8.853s] Level 1:colcon.colcon_core.environment:checking '/home/ayush/Documents/ros_ws/install/articubot_one' for CMake config files
[8.854s] Level 1:colcon.colcon_core.shell:create_environment_hook('articubot_one', 'cmake_prefix_path')
[8.854s] INFO:colcon.colcon_core.shell:Creating environment hook '/home/ayush/Documents/ros_ws/install/articubot_one/share/articubot_one/hook/cmake_prefix_path.ps1'
[8.854s] INFO:colcon.colcon_core.shell:Creating environment descriptor '/home/ayush/Documents/ros_ws/install/articubot_one/share/articubot_one/hook/cmake_prefix_path.dsv'
[8.854s] INFO:colcon.colcon_core.shell:Creating environment hook '/home/ayush/Documents/ros_ws/install/articubot_one/share/articubot_one/hook/cmake_prefix_path.sh'
[8.855s] Level 1:colcon.colcon_core.environment:checking '/home/ayush/Documents/ros_ws/install/articubot_one/lib'
[8.855s] Level 1:colcon.colcon_core.environment:checking '/home/ayush/Documents/ros_ws/install/articubot_one/bin'
[8.855s] Level 1:colcon.colcon_core.environment:checking '/home/ayush/Documents/ros_ws/install/articubot_one/lib/pkgconfig/articubot_one.pc'
[8.855s] Level 1:colcon.colcon_core.environment:checking '/home/ayush/Documents/ros_ws/install/articubot_one/lib/python3.10/site-packages'
[8.855s] Level 1:colcon.colcon_core.environment:checking '/home/ayush/Documents/ros_ws/install/articubot_one/bin'
[8.856s] INFO:colcon.colcon_core.shell:Creating package script '/home/ayush/Documents/ros_ws/install/articubot_one/share/articubot_one/package.ps1'
[8.856s] INFO:colcon.colcon_core.shell:Creating package descriptor '/home/ayush/Documents/ros_ws/install/articubot_one/share/articubot_one/package.dsv'
[8.857s] INFO:colcon.colcon_core.shell:Creating package script '/home/ayush/Documents/ros_ws/install/articubot_one/share/articubot_one/package.sh'
[8.857s] INFO:colcon.colcon_core.shell:Creating package script '/home/ayush/Documents/ros_ws/install/articubot_one/share/articubot_one/package.bash'
[8.858s] INFO:colcon.colcon_core.shell:Creating package script '/home/ayush/Documents/ros_ws/install/articubot_one/share/articubot_one/package.zsh'
[8.858s] Level 1:colcon.colcon_core.environment:create_file_with_runtime_dependencies(/home/ayush/Documents/ros_ws/install/articubot_one/share/colcon-core/packages/articubot_one)
[8.859s] Level 1:colcon.colcon_core.environment:create_environment_scripts_only(articubot_one)
[8.859s] Level 1:colcon.colcon_core.environment:checking '/home/ayush/Documents/ros_ws/install/articubot_one' for CMake module files
[8.859s] Level 1:colcon.colcon_core.environment:checking '/home/ayush/Documents/ros_ws/install/articubot_one' for CMake config files
[8.859s] Level 1:colcon.colcon_core.shell:create_environment_hook('articubot_one', 'cmake_prefix_path')
[8.859s] INFO:colcon.colcon_core.shell:Creating environment hook '/home/ayush/Documents/ros_ws/install/articubot_one/share/articubot_one/hook/cmake_prefix_path.ps1'
[8.860s] INFO:colcon.colcon_core.shell:Creating environment descriptor '/home/ayush/Documents/ros_ws/install/articubot_one/share/articubot_one/hook/cmake_prefix_path.dsv'
[8.860s] INFO:colcon.colcon_core.shell:Creating environment hook '/home/ayush/Documents/ros_ws/install/articubot_one/share/articubot_one/hook/cmake_prefix_path.sh'
[8.860s] Level 1:colcon.colcon_core.environment:checking '/home/ayush/Documents/ros_ws/install/articubot_one/lib'
[8.860s] Level 1:colcon.colcon_core.environment:checking '/home/ayush/Documents/ros_ws/install/articubot_one/bin'
[8.860s] Level 1:colcon.colcon_core.environment:checking '/home/ayush/Documents/ros_ws/install/articubot_one/lib/pkgconfig/articubot_one.pc'
[8.860s] Level 1:colcon.colcon_core.environment:checking '/home/ayush/Documents/ros_ws/install/articubot_one/lib/python3.10/site-packages'
[8.861s] Level 1:colcon.colcon_core.environment:checking '/home/ayush/Documents/ros_ws/install/articubot_one/bin'
[8.861s] INFO:colcon.colcon_core.shell:Creating package script '/home/ayush/Documents/ros_ws/install/articubot_one/share/articubot_one/package.ps1'
[8.861s] INFO:colcon.colcon_core.shell:Creating package descriptor '/home/ayush/Documents/ros_ws/install/articubot_one/share/articubot_one/package.dsv'
[8.861s] INFO:colcon.colcon_core.shell:Creating package script '/home/ayush/Documents/ros_ws/install/articubot_one/share/articubot_one/package.sh'
[8.862s] INFO:colcon.colcon_core.shell:Creating package script '/home/ayush/Documents/ros_ws/install/articubot_one/share/articubot_one/package.bash'
[8.862s] INFO:colcon.colcon_core.shell:Creating package script '/home/ayush/Documents/ros_ws/install/articubot_one/share/articubot_one/package.zsh'
[8.862s] Level 1:colcon.colcon_core.environment:create_file_with_runtime_dependencies(/home/ayush/Documents/ros_ws/install/articubot_one/share/colcon-core/packages/articubot_one)
[8.862s] DEBUG:colcon.colcon_parallel_executor.executor.parallel:closing loop
[8.863s] DEBUG:colcon.colcon_parallel_executor.executor.parallel:loop closed
[8.863s] DEBUG:colcon.colcon_parallel_executor.executor.parallel:run_until_complete finished with '0'
[8.863s] DEBUG:colcon.colcon_core.event_reactor:joining thread
[8.866s] INFO:colcon.colcon_core.plugin_system:Skipping extension 'colcon_notification.desktop_notification.terminal_notifier': Not used on non-Darwin systems
[8.866s] INFO:colcon.colcon_core.plugin_system:Skipping extension 'colcon_notification.desktop_notification.win32': Not used on non-Windows systems
[8.866s] INFO:colcon.colcon_notification.desktop_notification:Sending desktop notification using 'notify2'
[8.873s] DEBUG:colcon.colcon_core.event_reactor:joined thread
[8.874s] INFO:colcon.colcon_core.shell:Creating prefix script '/home/ayush/Documents/ros_ws/install/local_setup.ps1'
[8.874s] INFO:colcon.colcon_core.shell:Creating prefix util module '/home/ayush/Documents/ros_ws/install/_local_setup_util_ps1.py'
[8.876s] INFO:colcon.colcon_core.shell:Creating prefix chain script '/home/ayush/Documents/ros_ws/install/setup.ps1'
[8.877s] INFO:colcon.colcon_core.shell:Creating prefix script '/home/ayush/Documents/ros_ws/install/local_setup.sh'
[8.877s] INFO:colcon.colcon_core.shell:Creating prefix util module '/home/ayush/Documents/ros_ws/install/_local_setup_util_sh.py'
[8.878s] INFO:colcon.colcon_core.shell:Creating prefix chain script '/home/ayush/Documents/ros_ws/install/setup.sh'
[8.879s] INFO:colcon.colcon_core.shell:Creating prefix script '/home/ayush/Documents/ros_ws/install/local_setup.bash'
[8.879s] INFO:colcon.colcon_core.shell:Creating prefix chain script '/home/ayush/Documents/ros_ws/install/setup.bash'
[8.880s] INFO:colcon.colcon_core.shell:Creating prefix script '/home/ayush/Documents/ros_ws/install/local_setup.zsh'
[8.880s] INFO:colcon.colcon_core.shell:Creating prefix chain script '/home/ayush/Documents/ros_ws/install/setup.zsh'
