[0.014s] Invoking command in '/home/ayush/Documents/ros_ws/build/articubot_one': CMAKE_PREFIX_PATH=${CMAKE_PREFIX_PATH}:/opt/ros/humble /usr/bin/cmake --build /home/ayush/Documents/ros_ws/build/articubot_one -- -j12 -l12
[0.044s] [35m[1mConsolidate compiler generated dependencies of target joint_publisher[0m
[0.052s] [ 50%] [32mBuilding CXX object CMakeFiles/joint_publisher.dir/src/joint_publisher.cpp.o[0m
[0.058s] [01m[K/home/ayush/Documents/ros_ws/src/articubot_one/src/joint_publisher.cpp:[m[K In function ‘[01m[Kint main(int, char**)[m[K’:
[0.058s] [01m[K/home/ayush/Documents/ros_ws/src/articubot_one/src/joint_publisher.cpp:31:14:[m[K [01;35m[Kwarning: [m[Kunused parameter ‘[01m[Kargc[m[K’ [[01;35m[K]8;;https://gcc.gnu.org/onlinedocs/gcc/Warning-Options.html#index-Wunused-parameter-Wunused-parameter]8;;[m[K]
[0.058s]    31 | int main([01;35m[Kint argc[m[K, char **argv)
[0.058s]       |          [01;35m[K~~~~^~~~[m[K
[0.058s] [01m[K/home/ayush/Documents/ros_ws/src/articubot_one/src/joint_publisher.cpp:31:27:[m[K [01;35m[Kwarning: [m[Kunused parameter ‘[01m[Kargv[m[K’ [[01;35m[K]8;;https://gcc.gnu.org/onlinedocs/gcc/Warning-Options.html#index-Wunused-parameter-Wunused-parameter]8;;[m[K]
[0.058s]    31 | int main(int argc, [01;35m[Kchar **argv[m[K)
[0.058s]       |                    [01;35m[K~~~~~~~^~~~[m[K
[0.070s] [100%] [32m[1mLinking CXX executable joint_publisher[0m
[0.126s] [100%] Built target joint_publisher
[0.133s] Invoked command in '/home/ayush/Documents/ros_ws/build/articubot_one' returned '0': CMAKE_PREFIX_PATH=${CMAKE_PREFIX_PATH}:/opt/ros/humble /usr/bin/cmake --build /home/ayush/Documents/ros_ws/build/articubot_one -- -j12 -l12
[0.140s] Invoking command in '/home/ayush/Documents/ros_ws/build/articubot_one': CMAKE_PREFIX_PATH=${CMAKE_PREFIX_PATH}:/opt/ros/humble /usr/bin/cmake --install /home/ayush/Documents/ros_ws/build/articubot_one
[0.146s] -- Install configuration: ""
[0.146s] -- Installing: /home/ayush/Documents/ros_ws/install/articubot_one/lib/articubot_one/joint_publisher
[0.146s] -- Set runtime path of "/home/ayush/Documents/ros_ws/install/articubot_one/lib/articubot_one/joint_publisher" to ""
[0.146s] -- Up-to-date: /home/ayush/Documents/ros_ws/install/articubot_one/share/articubot_one/config
[0.146s] -- Up-to-date: /home/ayush/Documents/ros_ws/install/articubot_one/share/articubot_one/config/view_bot.rviz
[0.146s] -- Up-to-date: /home/ayush/Documents/ros_ws/install/articubot_one/share/articubot_one/config/empty.yaml
[0.146s] -- Up-to-date: /home/ayush/Documents/ros_ws/install/articubot_one/share/articubot_one/config/control_arm.yaml
[0.146s] -- Up-to-date: /home/ayush/Documents/ros_ws/install/articubot_one/share/articubot_one/config/drive_bot.rviz
[0.146s] -- Up-to-date: /home/ayush/Documents/ros_ws/install/articubot_one/share/articubot_one/description
[0.146s] -- Up-to-date: /home/ayush/Documents/ros_ws/install/articubot_one/share/articubot_one/description/camera.xacro
[0.146s] -- Up-to-date: /home/ayush/Documents/ros_ws/install/articubot_one/share/articubot_one/description/robot.urdf.xacro
[0.147s] -- Up-to-date: /home/ayush/Documents/ros_ws/install/articubot_one/share/articubot_one/description/map.xacro
[0.147s] -- Up-to-date: /home/ayush/Documents/ros_ws/install/articubot_one/share/articubot_one/description/gazebo_control.xacro
[0.147s] -- Up-to-date: /home/ayush/Documents/ros_ws/install/articubot_one/share/articubot_one/description/inertial_macros.xacro
[0.147s] -- Up-to-date: /home/ayush/Documents/ros_ws/install/articubot_one/share/articubot_one/description/robot_core.xacro
[0.147s] -- Up-to-date: /home/ayush/Documents/ros_ws/install/articubot_one/share/articubot_one/description/lidar.xacro
[0.147s] -- Up-to-date: /home/ayush/Documents/ros_ws/install/articubot_one/share/articubot_one/description/org_robot_core.xacro
[0.147s] -- Up-to-date: /home/ayush/Documents/ros_ws/install/articubot_one/share/articubot_one/launch
[0.147s] -- Installing: /home/ayush/Documents/ros_ws/install/articubot_one/share/articubot_one/launch/launch_sim.launch.py
[0.147s] -- Up-to-date: /home/ayush/Documents/ros_ws/install/articubot_one/share/articubot_one/launch/rsp.launch.py
[0.147s] -- Up-to-date: /home/ayush/Documents/ros_ws/install/articubot_one/share/articubot_one/worlds
[0.147s] -- Up-to-date: /home/ayush/Documents/ros_ws/install/articubot_one/share/articubot_one/worlds/obstacles.world
[0.147s] -- Up-to-date: /home/ayush/Documents/ros_ws/install/articubot_one/share/articubot_one/worlds/empty.world
[0.147s] -- Installing: /home/ayush/Documents/ros_ws/install/articubot_one/share/ament_index/resource_index/package_run_dependencies/articubot_one
[0.147s] -- Up-to-date: /home/ayush/Documents/ros_ws/install/articubot_one/share/ament_index/resource_index/parent_prefix_path/articubot_one
[0.147s] -- Up-to-date: /home/ayush/Documents/ros_ws/install/articubot_one/share/articubot_one/environment/ament_prefix_path.sh
[0.147s] -- Installing: /home/ayush/Documents/ros_ws/install/articubot_one/share/articubot_one/environment/ament_prefix_path.dsv
[0.147s] -- Up-to-date: /home/ayush/Documents/ros_ws/install/articubot_one/share/articubot_one/environment/path.sh
[0.147s] -- Installing: /home/ayush/Documents/ros_ws/install/articubot_one/share/articubot_one/environment/path.dsv
[0.148s] -- Up-to-date: /home/ayush/Documents/ros_ws/install/articubot_one/share/articubot_one/local_setup.bash
[0.148s] -- Up-to-date: /home/ayush/Documents/ros_ws/install/articubot_one/share/articubot_one/local_setup.sh
[0.148s] -- Up-to-date: /home/ayush/Documents/ros_ws/install/articubot_one/share/articubot_one/local_setup.zsh
[0.148s] -- Installing: /home/ayush/Documents/ros_ws/install/articubot_one/share/articubot_one/local_setup.dsv
[0.148s] -- Up-to-date: /home/ayush/Documents/ros_ws/install/articubot_one/share/articubot_one/package.dsv
[0.148s] -- Up-to-date: /home/ayush/Documents/ros_ws/install/articubot_one/share/ament_index/resource_index/packages/articubot_one
[0.148s] -- Up-to-date: /home/ayush/Documents/ros_ws/install/articubot_one/share/articubot_one/cmake/articubot_oneConfig.cmake
[0.148s] -- Up-to-date: /home/ayush/Documents/ros_ws/install/articubot_one/share/articubot_one/cmake/articubot_oneConfig-version.cmake
[0.148s] -- Installing: /home/ayush/Documents/ros_ws/install/articubot_one/share/articubot_one/package.xml
[0.150s] Invoked command in '/home/ayush/Documents/ros_ws/build/articubot_one' returned '0': CMAKE_PREFIX_PATH=${CMAKE_PREFIX_PATH}:/opt/ros/humble /usr/bin/cmake --install /home/ayush/Documents/ros_ws/build/articubot_one
