[0.010s] Invoking command in '/home/ayush/Documents/ros_ws/build/articubot_one': CMAKE_PREFIX_PATH=${CMAKE_PREFIX_PATH}:/opt/ros/humble /usr/bin/cmake --build /home/ayush/Documents/ros_ws/build/articubot_one -- -j12 -l12
[0.037s] -- Found ament_cmake: 1.3.11 (/opt/ros/humble/share/ament_cmake/cmake)
[0.172s] -- Found rclcpp: 16.0.11 (/opt/ros/humble/share/rclcpp/cmake)
[0.218s] -- Found rosidl_generator_c: 3.1.6 (/opt/ros/humble/share/rosidl_generator_c/cmake)
[0.223s] -- Found rosidl_adapter: 3.1.6 (/opt/ros/humble/share/rosidl_adapter/cmake)
[0.233s] -- Found rosidl_generator_cpp: 3.1.6 (/opt/ros/humble/share/rosidl_generator_cpp/cmake)
[0.248s] -- Using all available rosidl_typesupport_c: rosidl_typesupport_fastrtps_c;rosidl_typesupport_introspection_c
[0.266s] -- Using all available rosidl_typesupport_cpp: rosidl_typesupport_fastrtps_cpp;rosidl_typesupport_introspection_cpp
[0.313s] -- Found rmw_implementation_cmake: 6.1.2 (/opt/ros/humble/share/rmw_implementation_cmake/cmake)
[0.316s] -- Found rmw_fastrtps_cpp: 6.2.7 (/opt/ros/humble/share/rmw_fastrtps_cpp/cmake)
[0.400s] -- Found OpenSSL: /usr/lib/x86_64-linux-gnu/libcrypto.so (found version "3.0.2")  
[0.425s] -- Found FastRTPS: /opt/ros/humble/include  
[0.467s] -- Using RMW implementation 'rmw_fastrtps_cpp' as default
[0.478s] -- Looking for pthread.h
[0.604s] -- Looking for pthread.h - found
[0.604s] -- Performing Test CMAKE_HAVE_LIBC_PTHREAD
[0.671s] -- Performing Test CMAKE_HAVE_LIBC_PTHREAD - Success
[0.672s] -- Found Threads: TRUE  
[0.723s] -- Found sensor_msgs: 4.2.4 (/opt/ros/humble/share/sensor_msgs/cmake)
[0.755s] -- Found ament_lint_auto: 0.12.11 (/opt/ros/humble/share/ament_lint_auto/cmake)
[0.818s] -- Added test 'copyright' to check source files copyright and LICENSE
[0.820s] -- Added test 'cppcheck' to perform static code analysis on C / C++ code
[0.820s] -- Configured cppcheck include dirs: 
[0.820s] -- Configured cppcheck exclude dirs and/or files: 
[0.821s] -- Added test 'cpplint' to check C / C++ code against the Google style
[0.821s] -- Configured cpplint exclude dirs and/or files: 
[0.821s] -- Added test 'flake8' to check Python code syntax and style conventions
[0.822s] -- Added test 'lint_cmake' to check CMake code style
[0.822s] -- Added test 'pep257' to check Python code against some of the docstring style conventions in PEP 257
[0.823s] -- Added test 'uncrustify' to check C / C++ code style
[0.823s] -- Configured uncrustify additional arguments: 
[0.824s] -- Added test 'xmllint' to check XML markup files
[0.825s] -- Configuring done
[0.836s] -- Generating done
[0.840s] -- Build files have been written to: /home/ayush/Documents/ros_ws/build/articubot_one
[0.873s] [ 50%] [32mBuilding CXX object CMakeFiles/joint_publisher.dir/src/joint_publisher.cpp.o[0m
[4.610s] [100%] [32m[1mLinking CXX executable joint_publisher[0m
[4.809s] [100%] Built target joint_publisher
[4.818s] Invoked command in '/home/ayush/Documents/ros_ws/build/articubot_one' returned '0': CMAKE_PREFIX_PATH=${CMAKE_PREFIX_PATH}:/opt/ros/humble /usr/bin/cmake --build /home/ayush/Documents/ros_ws/build/articubot_one -- -j12 -l12
[4.826s] Invoking command in '/home/ayush/Documents/ros_ws/build/articubot_one': CMAKE_PREFIX_PATH=${CMAKE_PREFIX_PATH}:/opt/ros/humble /usr/bin/cmake --install /home/ayush/Documents/ros_ws/build/articubot_one
[4.832s] -- Install configuration: ""
[4.832s] -- Installing: /home/ayush/Documents/ros_ws/install/articubot_one/share/articubot_one/joint_publisher
[4.833s] -- Set runtime path of "/home/ayush/Documents/ros_ws/install/articubot_one/share/articubot_one/joint_publisher" to ""
[4.833s] -- Up-to-date: /home/ayush/Documents/ros_ws/install/articubot_one/share/articubot_one/config
[4.834s] -- Up-to-date: /home/ayush/Documents/ros_ws/install/articubot_one/share/articubot_one/config/view_bot.rviz
[4.834s] -- Up-to-date: /home/ayush/Documents/ros_ws/install/articubot_one/share/articubot_one/config/empty.yaml
[4.834s] -- Up-to-date: /home/ayush/Documents/ros_ws/install/articubot_one/share/articubot_one/config/control_arm.yaml
[4.834s] -- Up-to-date: /home/ayush/Documents/ros_ws/install/articubot_one/share/articubot_one/config/drive_bot.rviz
[4.834s] -- Up-to-date: /home/ayush/Documents/ros_ws/install/articubot_one/share/articubot_one/description
[4.834s] -- Up-to-date: /home/ayush/Documents/ros_ws/install/articubot_one/share/articubot_one/description/camera.xacro
[4.834s] -- Up-to-date: /home/ayush/Documents/ros_ws/install/articubot_one/share/articubot_one/description/robot.urdf.xacro
[4.834s] -- Up-to-date: /home/ayush/Documents/ros_ws/install/articubot_one/share/articubot_one/description/map.xacro
[4.834s] -- Up-to-date: /home/ayush/Documents/ros_ws/install/articubot_one/share/articubot_one/description/gazebo_control.xacro
[4.834s] -- Up-to-date: /home/ayush/Documents/ros_ws/install/articubot_one/share/articubot_one/description/inertial_macros.xacro
[4.834s] -- Up-to-date: /home/ayush/Documents/ros_ws/install/articubot_one/share/articubot_one/description/robot_core.xacro
[4.834s] -- Up-to-date: /home/ayush/Documents/ros_ws/install/articubot_one/share/articubot_one/description/lidar.xacro
[4.834s] -- Up-to-date: /home/ayush/Documents/ros_ws/install/articubot_one/share/articubot_one/description/org_robot_core.xacro
[4.834s] -- Up-to-date: /home/ayush/Documents/ros_ws/install/articubot_one/share/articubot_one/launch
[4.834s] -- Up-to-date: /home/ayush/Documents/ros_ws/install/articubot_one/share/articubot_one/launch/launch_sim.launch.py
[4.835s] -- Up-to-date: /home/ayush/Documents/ros_ws/install/articubot_one/share/articubot_one/launch/rsp.launch.py
[4.835s] -- Up-to-date: /home/ayush/Documents/ros_ws/install/articubot_one/share/articubot_one/worlds
[4.835s] -- Up-to-date: /home/ayush/Documents/ros_ws/install/articubot_one/share/articubot_one/worlds/obstacles.world
[4.835s] -- Up-to-date: /home/ayush/Documents/ros_ws/install/articubot_one/share/articubot_one/worlds/empty.world
[4.835s] -- Up-to-date: /home/ayush/Documents/ros_ws/install/articubot_one/share/ament_index/resource_index/package_run_dependencies/articubot_one
[4.835s] -- Installing: /home/ayush/Documents/ros_ws/install/articubot_one/share/ament_index/resource_index/parent_prefix_path/articubot_one
[4.835s] -- Up-to-date: /home/ayush/Documents/ros_ws/install/articubot_one/share/articubot_one/environment/ament_prefix_path.sh
[4.835s] -- Installing: /home/ayush/Documents/ros_ws/install/articubot_one/share/articubot_one/environment/ament_prefix_path.dsv
[4.835s] -- Up-to-date: /home/ayush/Documents/ros_ws/install/articubot_one/share/articubot_one/environment/path.sh
[4.835s] -- Installing: /home/ayush/Documents/ros_ws/install/articubot_one/share/articubot_one/environment/path.dsv
[4.835s] -- Up-to-date: /home/ayush/Documents/ros_ws/install/articubot_one/share/articubot_one/local_setup.bash
[4.836s] -- Up-to-date: /home/ayush/Documents/ros_ws/install/articubot_one/share/articubot_one/local_setup.sh
[4.836s] -- Up-to-date: /home/ayush/Documents/ros_ws/install/articubot_one/share/articubot_one/local_setup.zsh
[4.836s] -- Installing: /home/ayush/Documents/ros_ws/install/articubot_one/share/articubot_one/local_setup.dsv
[4.836s] -- Installing: /home/ayush/Documents/ros_ws/install/articubot_one/share/articubot_one/package.dsv
[4.836s] -- Up-to-date: /home/ayush/Documents/ros_ws/install/articubot_one/share/ament_index/resource_index/packages/articubot_one
[4.836s] -- Up-to-date: /home/ayush/Documents/ros_ws/install/articubot_one/share/articubot_one/cmake/articubot_oneConfig.cmake
[4.836s] -- Up-to-date: /home/ayush/Documents/ros_ws/install/articubot_one/share/articubot_one/cmake/articubot_oneConfig-version.cmake
[4.836s] -- Up-to-date: /home/ayush/Documents/ros_ws/install/articubot_one/share/articubot_one/package.xml
[4.838s] Invoked command in '/home/ayush/Documents/ros_ws/build/articubot_one' returned '0': CMAKE_PREFIX_PATH=${CMAKE_PREFIX_PATH}:/opt/ros/humble /usr/bin/cmake --install /home/ayush/Documents/ros_ws/build/articubot_one
