[0.007s] Invoking command in '/home/ayush/Documents/ros_ws/build/articubot_one': CMAKE_PREFIX_PATH=${CMAKE_PREFIX_PATH}:/opt/ros/humble /usr/bin/cmake --build /home/ayush/Documents/ros_ws/build/articubot_one -- -j12 -l12
[0.037s] [35m[1mConsolidate compiler generated dependencies of target joint_publisher[0m
[0.045s] [ 50%] Built target keyboard_control
[0.048s] [ 75%] [32mBuilding CXX object CMakeFiles/joint_publisher.dir/src/joint_publisher.cpp.o[0m
[7.918s] [100%] [32m[1mLinking CXX executable joint_publisher[0m
[8.325s] [100%] Built target joint_publisher
[8.336s] Invoked command in '/home/ayush/Documents/ros_ws/build/articubot_one' returned '0': CMAKE_PREFIX_PATH=${CMAKE_PREFIX_PATH}:/opt/ros/humble /usr/bin/cmake --build /home/ayush/Documents/ros_ws/build/articubot_one -- -j12 -l12
[8.342s] Invoking command in '/home/ayush/Documents/ros_ws/build/articubot_one': CMAKE_PREFIX_PATH=${CMAKE_PREFIX_PATH}:/opt/ros/humble /usr/bin/cmake --install /home/ayush/Documents/ros_ws/build/articubot_one
[8.348s] -- Install configuration: ""
[8.348s] -- Up-to-date: /home/ayush/Documents/ros_ws/install/articubot_one/lib/articubot_one/keyboard_control
[8.348s] -- Installing: /home/ayush/Documents/ros_ws/install/articubot_one/lib/articubot_one/joint_publisher
[8.353s] -- Set runtime path of "/home/ayush/Documents/ros_ws/install/articubot_one/lib/articubot_one/joint_publisher" to ""
[8.353s] -- Up-to-date: /home/ayush/Documents/ros_ws/install/articubot_one/share/articubot_one/config
[8.353s] -- Up-to-date: /home/ayush/Documents/ros_ws/install/articubot_one/share/articubot_one/config/nav2_params.yaml
[8.353s] -- Up-to-date: /home/ayush/Documents/ros_ws/install/articubot_one/share/articubot_one/config/view_bot.rviz
[8.354s] -- Up-to-date: /home/ayush/Documents/ros_ws/install/articubot_one/share/articubot_one/config/mapper_params_online_async.yaml
[8.354s] -- Up-to-date: /home/ayush/Documents/ros_ws/install/articubot_one/share/articubot_one/config/empty.yaml
[8.354s] -- Up-to-date: /home/ayush/Documents/ros_ws/install/articubot_one/share/articubot_one/config/control_arm.yaml
[8.354s] -- Up-to-date: /home/ayush/Documents/ros_ws/install/articubot_one/share/articubot_one/config/twist_mux.yaml
[8.354s] -- Up-to-date: /home/ayush/Documents/ros_ws/install/articubot_one/share/articubot_one/config/drive_bot.rviz
[8.354s] -- Up-to-date: /home/ayush/Documents/ros_ws/install/articubot_one/share/articubot_one/description
[8.354s] -- Up-to-date: /home/ayush/Documents/ros_ws/install/articubot_one/share/articubot_one/description/camera.xacro
[8.354s] -- Up-to-date: /home/ayush/Documents/ros_ws/install/articubot_one/share/articubot_one/description/robot.urdf.xacro
[8.354s] -- Up-to-date: /home/ayush/Documents/ros_ws/install/articubot_one/share/articubot_one/description/map.xacro
[8.354s] -- Up-to-date: /home/ayush/Documents/ros_ws/install/articubot_one/share/articubot_one/description/gazebo_control.xacro
[8.354s] -- Up-to-date: /home/ayush/Documents/ros_ws/install/articubot_one/share/articubot_one/description/inertial_macros.xacro
[8.354s] -- Installing: /home/ayush/Documents/ros_ws/install/articubot_one/share/articubot_one/description/robot_core.xacro
[8.354s] -- Up-to-date: /home/ayush/Documents/ros_ws/install/articubot_one/share/articubot_one/description/lidar.xacro
[8.354s] -- Up-to-date: /home/ayush/Documents/ros_ws/install/articubot_one/share/articubot_one/description/org_robot_core.xacro
[8.354s] -- Up-to-date: /home/ayush/Documents/ros_ws/install/articubot_one/share/articubot_one/launch
[8.354s] -- Up-to-date: /home/ayush/Documents/ros_ws/install/articubot_one/share/articubot_one/launch/launch_sim.launch.py
[8.354s] -- Up-to-date: /home/ayush/Documents/ros_ws/install/articubot_one/share/articubot_one/launch/nav.py
[8.354s] -- Up-to-date: /home/ayush/Documents/ros_ws/install/articubot_one/share/articubot_one/launch/slam.launch.py
[8.354s] -- Up-to-date: /home/ayush/Documents/ros_ws/install/articubot_one/share/articubot_one/launch/rsp.launch.py
[8.354s] -- Up-to-date: /home/ayush/Documents/ros_ws/install/articubot_one/share/articubot_one/worlds
[8.355s] -- Up-to-date: /home/ayush/Documents/ros_ws/install/articubot_one/share/articubot_one/worlds/obstacles.world
[8.355s] -- Up-to-date: /home/ayush/Documents/ros_ws/install/articubot_one/share/articubot_one/worlds/empty.world
[8.355s] -- Up-to-date: /home/ayush/Documents/ros_ws/install/articubot_one/share/articubot_one/worlds/warehouse.world
[8.355s] -- Installing: /home/ayush/Documents/ros_ws/install/articubot_one/share/ament_index/resource_index/package_run_dependencies/articubot_one
[8.355s] -- Up-to-date: /home/ayush/Documents/ros_ws/install/articubot_one/share/ament_index/resource_index/parent_prefix_path/articubot_one
[8.355s] -- Up-to-date: /home/ayush/Documents/ros_ws/install/articubot_one/share/articubot_one/environment/ament_prefix_path.sh
[8.355s] -- Installing: /home/ayush/Documents/ros_ws/install/articubot_one/share/articubot_one/environment/ament_prefix_path.dsv
[8.355s] -- Up-to-date: /home/ayush/Documents/ros_ws/install/articubot_one/share/articubot_one/environment/path.sh
[8.355s] -- Installing: /home/ayush/Documents/ros_ws/install/articubot_one/share/articubot_one/environment/path.dsv
[8.355s] -- Up-to-date: /home/ayush/Documents/ros_ws/install/articubot_one/share/articubot_one/local_setup.bash
[8.355s] -- Up-to-date: /home/ayush/Documents/ros_ws/install/articubot_one/share/articubot_one/local_setup.sh
[8.355s] -- Up-to-date: /home/ayush/Documents/ros_ws/install/articubot_one/share/articubot_one/local_setup.zsh
[8.355s] -- Installing: /home/ayush/Documents/ros_ws/install/articubot_one/share/articubot_one/local_setup.dsv
[8.355s] -- Installing: /home/ayush/Documents/ros_ws/install/articubot_one/share/articubot_one/package.dsv
[8.355s] -- Up-to-date: /home/ayush/Documents/ros_ws/install/articubot_one/share/ament_index/resource_index/packages/articubot_one
[8.355s] -- Up-to-date: /home/ayush/Documents/ros_ws/install/articubot_one/share/articubot_one/cmake/articubot_oneConfig.cmake
[8.355s] -- Up-to-date: /home/ayush/Documents/ros_ws/install/articubot_one/share/articubot_one/cmake/articubot_oneConfig-version.cmake
[8.355s] -- Installing: /home/ayush/Documents/ros_ws/install/articubot_one/share/articubot_one/package.xml
[8.356s] Invoked command in '/home/ayush/Documents/ros_ws/build/articubot_one' returned '0': CMAKE_PREFIX_PATH=${CMAKE_PREFIX_PATH}:/opt/ros/humble /usr/bin/cmake --install /home/ayush/Documents/ros_ws/build/articubot_one
