-- Found ament_cmake: 1.3.11 (/opt/ros/humble/share/ament_cmake/cmake)
-- Found rclcpp: 16.0.11 (/opt/ros/humble/share/rclcpp/cmake)
-- Found rosidl_generator_c: 3.1.6 (/opt/ros/humble/share/rosidl_generator_c/cmake)
-- Found rosidl_adapter: 3.1.6 (/opt/ros/humble/share/rosidl_adapter/cmake)
-- Found rosidl_generator_cpp: 3.1.6 (/opt/ros/humble/share/rosidl_generator_cpp/cmake)
-- Using all available rosidl_typesupport_c: rosidl_typesupport_fastrtps_c;rosidl_typesupport_introspection_c
-- Using all available rosidl_typesupport_cpp: rosidl_typesupport_fastrtps_cpp;rosidl_typesupport_introspection_cpp
-- Found rmw_implementation_cmake: 6.1.2 (/opt/ros/humble/share/rmw_implementation_cmake/cmake)
-- Found rmw_fastrtps_cpp: 6.2.7 (/opt/ros/humble/share/rmw_fastrtps_cpp/cmake)
-- Using RMW implementation 'rmw_fastrtps_cpp' as default
-- Found trajectory_msgs: 4.2.4 (/opt/ros/humble/share/trajectory_msgs/cmake)
-- Found sensor_msgs: 4.2.4 (/opt/ros/humble/share/sensor_msgs/cmake)
-- Found ament_lint_auto: 0.12.11 (/opt/ros/humble/share/ament_lint_auto/cmake)
-- Added test 'copyright' to check source files copyright and LICENSE
-- Added test 'cppcheck' to perform static code analysis on C / C++ code
-- Configured cppcheck include dirs: 
-- Configured cppcheck exclude dirs and/or files: 
-- Added test 'cpplint' to check C / C++ code against the Google style
-- Configured cpplint exclude dirs and/or files: 
-- Added test 'flake8' to check Python code syntax and style conventions
-- Added test 'lint_cmake' to check CMake code style
-- Added test 'pep257' to check Python code against some of the docstring style conventions in PEP 257
-- Added test 'uncrustify' to check C / C++ code style
-- Configured uncrustify additional arguments: 
-- Added test 'xmllint' to check XML markup files
-- Configuring done
-- Generating done
-- Build files have been written to: /home/ayush/Documents/ros_ws/build/articubot_one
[35m[1mConsolidate compiler generated dependencies of target joint_publisher[0m
[ 50%] [32mBuilding CXX object CMakeFiles/joint_publisher.dir/src/joint_publisher.cpp.o[0m
[100%] [32m[1mLinking CXX executable joint_publisher[0m
[100%] Built target joint_publisher
-- Install configuration: ""
-- Installing: /home/ayush/Documents/ros_ws/install/articubot_one/lib/articubot_one/joint_publisher
-- Set runtime path of "/home/ayush/Documents/ros_ws/install/articubot_one/lib/articubot_one/joint_publisher" to ""
-- Up-to-date: /home/ayush/Documents/ros_ws/install/articubot_one/share/articubot_one/config
-- Up-to-date: /home/ayush/Documents/ros_ws/install/articubot_one/share/articubot_one/config/view_bot.rviz
-- Up-to-date: /home/ayush/Documents/ros_ws/install/articubot_one/share/articubot_one/config/empty.yaml
-- Up-to-date: /home/ayush/Documents/ros_ws/install/articubot_one/share/articubot_one/config/control_arm.yaml
-- Up-to-date: /home/ayush/Documents/ros_ws/install/articubot_one/share/articubot_one/config/drive_bot.rviz
-- Up-to-date: /home/ayush/Documents/ros_ws/install/articubot_one/share/articubot_one/description
-- Up-to-date: /home/ayush/Documents/ros_ws/install/articubot_one/share/articubot_one/description/camera.xacro
-- Up-to-date: /home/ayush/Documents/ros_ws/install/articubot_one/share/articubot_one/description/robot.urdf.xacro
-- Up-to-date: /home/ayush/Documents/ros_ws/install/articubot_one/share/articubot_one/description/map.xacro
-- Up-to-date: /home/ayush/Documents/ros_ws/install/articubot_one/share/articubot_one/description/gazebo_control.xacro
-- Up-to-date: /home/ayush/Documents/ros_ws/install/articubot_one/share/articubot_one/description/inertial_macros.xacro
-- Up-to-date: /home/ayush/Documents/ros_ws/install/articubot_one/share/articubot_one/description/robot_core.xacro
-- Up-to-date: /home/ayush/Documents/ros_ws/install/articubot_one/share/articubot_one/description/lidar.xacro
-- Up-to-date: /home/ayush/Documents/ros_ws/install/articubot_one/share/articubot_one/description/org_robot_core.xacro
-- Up-to-date: /home/ayush/Documents/ros_ws/install/articubot_one/share/articubot_one/launch
-- Up-to-date: /home/ayush/Documents/ros_ws/install/articubot_one/share/articubot_one/launch/launch_sim.launch.py
-- Up-to-date: /home/ayush/Documents/ros_ws/install/articubot_one/share/articubot_one/launch/rsp.launch.py
-- Up-to-date: /home/ayush/Documents/ros_ws/install/articubot_one/share/articubot_one/worlds
-- Up-to-date: /home/ayush/Documents/ros_ws/install/articubot_one/share/articubot_one/worlds/obstacles.world
-- Up-to-date: /home/ayush/Documents/ros_ws/install/articubot_one/share/articubot_one/worlds/empty.world
-- Installing: /home/ayush/Documents/ros_ws/install/articubot_one/share/ament_index/resource_index/package_run_dependencies/articubot_one
-- Up-to-date: /home/ayush/Documents/ros_ws/install/articubot_one/share/ament_index/resource_index/parent_prefix_path/articubot_one
-- Up-to-date: /home/ayush/Documents/ros_ws/install/articubot_one/share/articubot_one/environment/ament_prefix_path.sh
-- Installing: /home/ayush/Documents/ros_ws/install/articubot_one/share/articubot_one/environment/ament_prefix_path.dsv
-- Up-to-date: /home/ayush/Documents/ros_ws/install/articubot_one/share/articubot_one/environment/path.sh
-- Installing: /home/ayush/Documents/ros_ws/install/articubot_one/share/articubot_one/environment/path.dsv
-- Up-to-date: /home/ayush/Documents/ros_ws/install/articubot_one/share/articubot_one/local_setup.bash
-- Up-to-date: /home/ayush/Documents/ros_ws/install/articubot_one/share/articubot_one/local_setup.sh
-- Up-to-date: /home/ayush/Documents/ros_ws/install/articubot_one/share/articubot_one/local_setup.zsh
-- Installing: /home/ayush/Documents/ros_ws/install/articubot_one/share/articubot_one/local_setup.dsv
-- Installing: /home/ayush/Documents/ros_ws/install/articubot_one/share/articubot_one/package.dsv
-- Up-to-date: /home/ayush/Documents/ros_ws/install/articubot_one/share/ament_index/resource_index/packages/articubot_one
-- Up-to-date: /home/ayush/Documents/ros_ws/install/articubot_one/share/articubot_one/cmake/articubot_oneConfig.cmake
-- Up-to-date: /home/ayush/Documents/ros_ws/install/articubot_one/share/articubot_one/cmake/articubot_oneConfig-version.cmake
-- Installing: /home/ayush/Documents/ros_ws/install/articubot_one/share/articubot_one/package.xml
