[0.013s] Invoking command in '/home/ayush/Documents/ros_ws/build/articubot_one': CMAKE_PREFIX_PATH=${CMAKE_PREFIX_PATH}:/opt/ros/humble /usr/bin/cmake --build /home/ayush/Documents/ros_ws/build/articubot_one -- -j12 -l12
[0.033s] -- Found ament_cmake: 1.3.11 (/opt/ros/humble/share/ament_cmake/cmake)
[0.141s] -- Found rclcpp: 16.0.11 (/opt/ros/humble/share/rclcpp/cmake)
[0.170s] -- Found rosidl_generator_c: 3.1.6 (/opt/ros/humble/share/rosidl_generator_c/cmake)
[0.172s] -- Found rosidl_adapter: 3.1.6 (/opt/ros/humble/share/rosidl_adapter/cmake)
[0.179s] -- Found rosidl_generator_cpp: 3.1.6 (/opt/ros/humble/share/rosidl_generator_cpp/cmake)
[0.188s] -- Using all available rosidl_typesupport_c: rosidl_typesupport_fastrtps_c;rosidl_typesupport_introspection_c
[0.199s] -- Using all available rosidl_typesupport_cpp: rosidl_typesupport_fastrtps_cpp;rosidl_typesupport_introspection_cpp
[0.240s] -- Found rmw_implementation_cmake: 6.1.2 (/opt/ros/humble/share/rmw_implementation_cmake/cmake)
[0.241s] -- Found rmw_fastrtps_cpp: 6.2.7 (/opt/ros/humble/share/rmw_fastrtps_cpp/cmake)
[0.311s] -- Using RMW implementation 'rmw_fastrtps_cpp' as default
[0.354s] -- Found trajectory_msgs: 4.2.4 (/opt/ros/humble/share/trajectory_msgs/cmake)
[0.378s] -- Found sensor_msgs: 4.2.4 (/opt/ros/humble/share/sensor_msgs/cmake)
[0.392s] -- Found ament_lint_auto: 0.12.11 (/opt/ros/humble/share/ament_lint_auto/cmake)
[0.450s] -- Added test 'copyright' to check source files copyright and LICENSE
[0.451s] -- Added test 'cppcheck' to perform static code analysis on C / C++ code
[0.451s] -- Configured cppcheck include dirs: 
[0.451s] -- Configured cppcheck exclude dirs and/or files: 
[0.452s] -- Added test 'cpplint' to check C / C++ code against the Google style
[0.452s] -- Configured cpplint exclude dirs and/or files: 
[0.454s] -- Added test 'flake8' to check Python code syntax and style conventions
[0.454s] -- Added test 'lint_cmake' to check CMake code style
[0.454s] -- Added test 'pep257' to check Python code against some of the docstring style conventions in PEP 257
[0.456s] -- Added test 'uncrustify' to check C / C++ code style
[0.456s] -- Configured uncrustify additional arguments: 
[0.458s] -- Added test 'xmllint' to check XML markup files
[0.460s] -- Configuring done
[0.469s] -- Generating done
[0.472s] -- Build files have been written to: /home/ayush/Documents/ros_ws/build/articubot_one
[0.492s] [35m[1mConsolidate compiler generated dependencies of target joint_publisher[0m
[0.505s] [ 50%] [32mBuilding CXX object CMakeFiles/joint_publisher.dir/src/joint_publisher.cpp.o[0m
[6.171s] [100%] [32m[1mLinking CXX executable joint_publisher[0m
[6.464s] [100%] Built target joint_publisher
[6.474s] Invoked command in '/home/ayush/Documents/ros_ws/build/articubot_one' returned '0': CMAKE_PREFIX_PATH=${CMAKE_PREFIX_PATH}:/opt/ros/humble /usr/bin/cmake --build /home/ayush/Documents/ros_ws/build/articubot_one -- -j12 -l12
[6.481s] Invoking command in '/home/ayush/Documents/ros_ws/build/articubot_one': CMAKE_PREFIX_PATH=${CMAKE_PREFIX_PATH}:/opt/ros/humble /usr/bin/cmake --install /home/ayush/Documents/ros_ws/build/articubot_one
[6.485s] -- Install configuration: ""
[6.485s] -- Installing: /home/ayush/Documents/ros_ws/install/articubot_one/lib/articubot_one/joint_publisher
[6.488s] -- Set runtime path of "/home/ayush/Documents/ros_ws/install/articubot_one/lib/articubot_one/joint_publisher" to ""
[6.488s] -- Up-to-date: /home/ayush/Documents/ros_ws/install/articubot_one/share/articubot_one/config
[6.488s] -- Up-to-date: /home/ayush/Documents/ros_ws/install/articubot_one/share/articubot_one/config/view_bot.rviz
[6.489s] -- Up-to-date: /home/ayush/Documents/ros_ws/install/articubot_one/share/articubot_one/config/empty.yaml
[6.489s] -- Up-to-date: /home/ayush/Documents/ros_ws/install/articubot_one/share/articubot_one/config/control_arm.yaml
[6.489s] -- Up-to-date: /home/ayush/Documents/ros_ws/install/articubot_one/share/articubot_one/config/drive_bot.rviz
[6.489s] -- Up-to-date: /home/ayush/Documents/ros_ws/install/articubot_one/share/articubot_one/description
[6.489s] -- Up-to-date: /home/ayush/Documents/ros_ws/install/articubot_one/share/articubot_one/description/camera.xacro
[6.489s] -- Up-to-date: /home/ayush/Documents/ros_ws/install/articubot_one/share/articubot_one/description/robot.urdf.xacro
[6.489s] -- Up-to-date: /home/ayush/Documents/ros_ws/install/articubot_one/share/articubot_one/description/map.xacro
[6.489s] -- Up-to-date: /home/ayush/Documents/ros_ws/install/articubot_one/share/articubot_one/description/gazebo_control.xacro
[6.489s] -- Up-to-date: /home/ayush/Documents/ros_ws/install/articubot_one/share/articubot_one/description/inertial_macros.xacro
[6.489s] -- Up-to-date: /home/ayush/Documents/ros_ws/install/articubot_one/share/articubot_one/description/robot_core.xacro
[6.489s] -- Up-to-date: /home/ayush/Documents/ros_ws/install/articubot_one/share/articubot_one/description/lidar.xacro
[6.489s] -- Up-to-date: /home/ayush/Documents/ros_ws/install/articubot_one/share/articubot_one/description/org_robot_core.xacro
[6.489s] -- Up-to-date: /home/ayush/Documents/ros_ws/install/articubot_one/share/articubot_one/launch
[6.489s] -- Up-to-date: /home/ayush/Documents/ros_ws/install/articubot_one/share/articubot_one/launch/launch_sim.launch.py
[6.489s] -- Up-to-date: /home/ayush/Documents/ros_ws/install/articubot_one/share/articubot_one/launch/rsp.launch.py
[6.489s] -- Up-to-date: /home/ayush/Documents/ros_ws/install/articubot_one/share/articubot_one/worlds
[6.489s] -- Up-to-date: /home/ayush/Documents/ros_ws/install/articubot_one/share/articubot_one/worlds/obstacles.world
[6.489s] -- Up-to-date: /home/ayush/Documents/ros_ws/install/articubot_one/share/articubot_one/worlds/empty.world
[6.489s] -- Installing: /home/ayush/Documents/ros_ws/install/articubot_one/share/ament_index/resource_index/package_run_dependencies/articubot_one
[6.490s] -- Up-to-date: /home/ayush/Documents/ros_ws/install/articubot_one/share/ament_index/resource_index/parent_prefix_path/articubot_one
[6.490s] -- Up-to-date: /home/ayush/Documents/ros_ws/install/articubot_one/share/articubot_one/environment/ament_prefix_path.sh
[6.490s] -- Installing: /home/ayush/Documents/ros_ws/install/articubot_one/share/articubot_one/environment/ament_prefix_path.dsv
[6.490s] -- Up-to-date: /home/ayush/Documents/ros_ws/install/articubot_one/share/articubot_one/environment/path.sh
[6.490s] -- Installing: /home/ayush/Documents/ros_ws/install/articubot_one/share/articubot_one/environment/path.dsv
[6.490s] -- Up-to-date: /home/ayush/Documents/ros_ws/install/articubot_one/share/articubot_one/local_setup.bash
[6.490s] -- Up-to-date: /home/ayush/Documents/ros_ws/install/articubot_one/share/articubot_one/local_setup.sh
[6.490s] -- Up-to-date: /home/ayush/Documents/ros_ws/install/articubot_one/share/articubot_one/local_setup.zsh
[6.490s] -- Installing: /home/ayush/Documents/ros_ws/install/articubot_one/share/articubot_one/local_setup.dsv
[6.490s] -- Installing: /home/ayush/Documents/ros_ws/install/articubot_one/share/articubot_one/package.dsv
[6.490s] -- Up-to-date: /home/ayush/Documents/ros_ws/install/articubot_one/share/ament_index/resource_index/packages/articubot_one
[6.490s] -- Up-to-date: /home/ayush/Documents/ros_ws/install/articubot_one/share/articubot_one/cmake/articubot_oneConfig.cmake
[6.490s] -- Up-to-date: /home/ayush/Documents/ros_ws/install/articubot_one/share/articubot_one/cmake/articubot_oneConfig-version.cmake
[6.490s] -- Installing: /home/ayush/Documents/ros_ws/install/articubot_one/share/articubot_one/package.xml
[6.491s] Invoked command in '/home/ayush/Documents/ros_ws/build/articubot_one' returned '0': CMAKE_PREFIX_PATH=${CMAKE_PREFIX_PATH}:/opt/ros/humble /usr/bin/cmake --install /home/ayush/Documents/ros_ws/build/articubot_one
